<?xml version="1.0" encoding="UTF-8"?>
<!-- Generated by org.testng.reporters.JUnitReportReporter -->
<testsuite skipped="0" hostname="桂宝元" name="gby.testng.testcase.LoginCase" tests="1" failures="0" timestamp="14 九月 2018 08:44:34 GMT" time="7.970" errors="0">
  <testcase name="login" time="7.970" classname="gby.testng.testcase.LoginCase"/>
</testsuite> <!-- gby.testng.testcase.LoginCase -->
