<?xml version="1.0" encoding="UTF-8"?>
<!-- Generated by org.testng.reporters.JUnitReportReporter -->
<testsuite hostname="桂宝元" name="gby.testng.testcase.OpenHousePageCase" tests="1" failures="0" timestamp="9 Aug 2018 12:04:04 GMT" time="5.034" errors="0">
  <testcase name="f" time="5.034" classname="gby.testng.testcase.OpenHousePageCase"/>
</testsuite> <!-- gby.testng.testcase.OpenHousePageCase -->
