<?xml version="1.0" encoding="UTF-8"?>
<!-- Generated by org.testng.reporters.JUnitReportReporter -->
<testsuite hostname="桂宝元" name="test.testng.parralel.NewTest" tests="2" failures="0" timestamp="6 Aug 2018 02:58:02 GMT" time="0.004" errors="0">
  <testcase name="f" time="0.002" classname="test.testng.parralel.NewTest"/>
  <testcase name="f" time="0.002" classname="test.testng.parralel.NewTest"/>
</testsuite> <!-- test.testng.parralel.NewTest -->
