<?xml version="1.0" encoding="UTF-8"?>
<!-- Generated by org.testng.reporters.JUnitReportReporter -->
<testsuite hostname="桂宝元" name="test.testng.parralel.MethodP" tests="6" failures="0" timestamp="6 Aug 2018 02:58:02 GMT" time="0.060" errors="0">
  <testcase name="f" time="0.018" classname="test.testng.parralel.MethodP"/>
  <testcase name="a" time="0.017" classname="test.testng.parralel.MethodP"/>
  <testcase name="f" time="0.003" classname="test.testng.parralel.MethodP"/>
  <testcase name="f" time="0.003" classname="test.testng.parralel.MethodP"/>
  <testcase name="a" time="0.017" classname="test.testng.parralel.MethodP"/>
  <testcase name="f" time="0.002" classname="test.testng.parralel.MethodP"/>
</testsuite> <!-- test.testng.parralel.MethodP -->
