<?xml version="1.0" encoding="UTF-8"?>
<!-- Generated by org.testng.reporters.JUnitReportReporter -->
<testsuite hostname="桂宝元" name="gby.testng.testcase.InitDriverCase" tests="2" failures="0" timestamp="9 Aug 2018 12:04:04 GMT" time="46.297" errors="0">
  <testcase name="f" time="21.439" classname="gby.testng.testcase.InitDriverCase"/>
  <testcase name="f" time="24.858" classname="gby.testng.testcase.InitDriverCase"/>
</testsuite> <!-- gby.testng.testcase.InitDriverCase -->
