<?xml version="1.0" encoding="UTF-8"?>
<!-- Generated by org.testng.reporters.JUnitReportReporter -->
<testsuite skipped="0" hostname="桂宝元" name="gby.testng.testcase.NewTest2" tests="1" failures="0" timestamp="14 八月 2018 05:11:33 GMT" time="0.003" errors="0">
  <testcase name="a" time="0.003" classname="gby.testng.testcase.NewTest2"/>
</testsuite> <!-- gby.testng.testcase.NewTest2 -->
