<?xml version="1.0" encoding="UTF-8"?>
<!-- Generated by org.testng.reporters.JUnitReportReporter -->
<testsuite skipped="0" hostname="桂宝元" name="gby.testng.testcase.InitDriverCase" tests="1" failures="0" timestamp="11 九月 2018 02:52:49 GMT" time="56.953" errors="0">
  <testcase name="f" time="56.953" classname="gby.testng.testcase.InitDriverCase"/>
</testsuite> <!-- gby.testng.testcase.InitDriverCase -->
