<?xml version="1.0" encoding="UTF-8"?>
<!-- Generated by org.testng.reporters.JUnitReportReporter -->
<testsuite hostname="桂宝元" name="gby.testng.testcase.LoginCase" tests="1" failures="0" timestamp="10 Aug 2018 12:22:21 GMT" time="3.111" errors="0">
  <testcase name="f" time="3.111" classname="gby.testng.testcase.LoginCase"/>
</testsuite> <!-- gby.testng.testcase.LoginCase -->
