<?xml version="1.0" encoding="UTF-8"?>
<!-- Generated by org.testng.reporters.JUnitReportReporter -->
<testsuite hostname="桂宝元" name="gby.testng.testcase.InitAppStart" tests="2" failures="0" timestamp="24 Jul 2018 09:48:20 GMT" time="31.538" errors="0">
  <testcase name="f" time="13.331" classname="gby.testng.testcase.InitAppStart"/>
  <testcase name="f" time="18.207" classname="gby.testng.testcase.InitAppStart"/>
</testsuite> <!-- gby.testng.testcase.InitAppStart -->
