<?xml version="1.0" encoding="UTF-8"?>
<!-- Generated by org.testng.reporters.JUnitReportReporter -->
<testsuite skipped="0" hostname="桂宝元" name="gby.testng.testcase.PublishPostCase" tests="2" failures="0" timestamp="14 九月 2018 05:28:03 GMT" time="37.577" errors="0">
  <testcase name="publishRoom" time="33.294" classname="gby.testng.testcase.PublishPostCase"/>
  <testcase name="intoPublisPostPage" time="4.283" classname="gby.testng.testcase.PublishPostCase"/>
</testsuite> <!-- gby.testng.testcase.PublishPostCase -->
