<?xml version="1.0" encoding="UTF-8"?>
<!-- Generated by org.testng.reporters.JUnitReportReporter -->
<testsuite hostname="桂宝元" name="gby.testng.testcase.InitDriverCase" tests="2" failures="0" timestamp="10 Aug 2018 12:22:21 GMT" time="45.278" errors="0">
  <testcase name="f" time="24.966" classname="gby.testng.testcase.InitDriverCase"/>
  <testcase name="f" time="20.312" classname="gby.testng.testcase.InitDriverCase"/>
</testsuite> <!-- gby.testng.testcase.InitDriverCase -->
