<?xml version="1.0" encoding="UTF-8"?>
<!-- Generated by org.testng.reporters.JUnitReportReporter -->
<testsuite hostname="桂宝元" name="test.testng.parralel.NewTest" tests="1" failures="0" timestamp="13 Aug 2018 08:41:29 GMT" time="0.003" errors="0">
  <testcase name="f" time="0.003" classname="test.testng.parralel.NewTest"/>
</testsuite> <!-- test.testng.parralel.NewTest -->
